Unity Editor version:    2020.3.18f1 (a7d1c678663c)
Branch:                  2020.3/staging
Build type:              Release
Batch mode:              YES
System name:             Linux
Distro version:          #36~20.04.1-Ubuntu SMP Fri Aug 27 08:06:32 UTC 2021
Kernel version:          5.11.0-34-generic
Architecture:            x86_64
Available memory:        11876 MB
Using pre-set license
Pro License: NO
Gtk-Message: 20:14:40.084: Failed to load module "canberra-gtk-module"
Gtk-Message: 20:14:40.085: Failed to load module "canberra-gtk-module"
Desktop is 1920 x 1080 @ 60 Hz

COMMAND LINE ARGUMENTS:
Unity
-adb2
-batchMode
-noUpm
-name
AssetImportWorker2
-projectPath
/home/fizza/FunRun
-logFile
Logs/AssetImportWorker2.log
-srvPort
33691
Successfully changed project path to: /home/fizza/FunRun
/home/fizza/FunRun
Using Asset Import Pipeline V2.
Refreshing native plugins compatible for Editor in 241.01 ms, found 0 plugins.
Preloading 0 native plugins for Editor in 0.00 ms.
Initialize engine version: 2020.3.18f1 (a7d1c678663c)
[Subsystems] Discovering subsystems at path /home/fizza/Unity/Hub/Editor/2020.3.18f1/Editor/Data/Resources/UnitySubsystems
[Subsystems] Discovering subsystems at path /home/fizza/FunRun/Assets
GLX Extensions: GLX_ARB_create_context GLX_ARB_create_context_no_error GLX_ARB_create_context_profile GLX_ARB_create_context_robustness GLX_ARB_fbconfig_float GLX_ARB_framebuffer_sRGB GLX_ARB_get_proc_address GLX_ARB_multisample GLX_EXT_buffer_age GLX_EXT_create_context_es2_profile GLX_EXT_create_context_es_profile GLX_EXT_fbconfig_packed_float GLX_EXT_framebuffer_sRGB GLX_EXT_import_context GLX_EXT_swap_control GLX_EXT_swap_control_tear GLX_EXT_texture_from_pixmap GLX_EXT_visual_info GLX_EXT_visual_rating GLX_INTEL_swap_event GLX_MESA_copy_sub_buffer GLX_MESA_query_renderer GLX_MESA_swap_control GLX_OML_swap_method GLX_OML_sync_control GLX_SGIS_multisample GLX_SGIX_fbconfig GLX_SGIX_pbuffer GLX_SGIX_visual_select_group GLX_SGI_make_current_read GLX_SGI_swap_control GLX_SGI_video_sync 
Renderer: Mesa DRI Intel(R) HD Graphics 620 (KBL GT2)
Vendor:   Intel Open Source Technology Center
Version:  4.6 (Core Profile) Mesa 21.1.7 (git-a09f5d9294)
GLES:     0
 GL_3DFX_texture_compression_FXT1 GL_AMD_conservative_depth GL_AMD_depth_clamp_separate GL_AMD_draw_buffers_blend GL_AMD_gpu_shader_int64 GL_AMD_multi_draw_indirect GL_AMD_query_buffer_object GL_AMD_seamless_cubemap_per_texture GL_AMD_shader_stencil_export GL_AMD_shader_trinary_minmax GL_AMD_texture_texture4 GL_AMD_vertex_shader_layer GL_AMD_vertex_shader_viewport_index GL_ANGLE_texture_compression_dxt3 GL_ANGLE_texture_compression_dxt5 GL_APPLE_object_purgeable GL_ARB_ES2_compatibility GL_ARB_ES3_1_compatibility GL_ARB_ES3_2_compatibility GL_ARB_ES3_compatibility GL_ARB_arrays_of_arrays GL_ARB_base_instance GL_ARB_blend_func_extended GL_ARB_buffer_storage GL_ARB_clear_buffer_object GL_ARB_clear_texture GL_ARB_clip_control GL_ARB_compressed_texture_pixel_storage GL_ARB_compute_shader GL_ARB_compute_variable_group_size GL_ARB_conditional_render_inverted GL_ARB_conservative_depth GL_ARB_copy_buffer GL_ARB_copy_image GL_ARB_cull_distance GL_ARB_debug_output GL_ARB_depth_buffer_float GL_ARB_depth_clamp GL_ARB_de
rivative_control GL_ARB_direct_state_access GL_ARB_draw_buffers GL_ARB_draw_buffers_blend GL_ARB_draw_elements_base_vertex GL_ARB_draw_indirect GL_ARB_draw_instanced GL_ARB_enhanced_layouts GL_ARB_explicit_attrib_location GL_ARB_explicit_uniform_location GL_ARB_fragment_coord_conventions GL_ARB_fragment_layer_viewport GL_ARB_fragment_shader GL_ARB_fragment_shader_interlock GL_ARB_framebuffer_no_attachments GL_ARB_framebuffer_object GL_ARB_framebuffer_sRGB GL_ARB_get_program_binary GL_ARB_get_texture_sub_image GL_ARB_gl_spirv GL_ARB_gpu_shader5 GL_ARB_gpu_shader_fp64 GL_ARB_gpu_shader_int64 GL_ARB_half_float_pixel GL_ARB_half_float_vertex GL_ARB_indirect_parameters GL_ARB_instanced_arrays GL_ARB_internalformat_query GL_ARB_internalformat_query2 GL_ARB_invalidate_subdata GL_ARB_map_buffer_alignment GL_ARB_map_buffer_range GL_ARB_multi_bind GL_ARB_multi_draw_indirect GL_ARB_occlusion_query2 GL_ARB_parallel_shader_compile GL_ARB_pipeline_statistics_query GL_ARB_pixel_buffer_object GL_ARB_point_sprite GL_ARB_poly
gon_offset_clamp GL_ARB_post_depth_coverage GL_ARB_program_interface_query GL_ARB_provoking_vertex GL_ARB_query_buffer_object GL_ARB_robust_buffer_access_behavior GL_ARB_robustness GL_ARB_sample_shading GL_ARB_sampler_objects GL_ARB_seamless_cube_map GL_ARB_seamless_cubemap_per_texture GL_ARB_separate_shader_objects GL_ARB_shader_atomic_counter_ops GL_ARB_shader_atomic_counters GL_ARB_shader_ballot GL_ARB_shader_bit_encoding GL_ARB_shader_clock GL_ARB_shader_draw_parameters GL_ARB_shader_group_vote GL_ARB_shader_image_load_store GL_ARB_shader_image_size GL_ARB_shader_objects GL_ARB_shader_precision GL_ARB_shader_stencil_export GL_ARB_shader_storage_buffer_object GL_ARB_shader_subroutine GL_ARB_shader_texture_image_samples GL_ARB_shader_texture_lod GL_ARB_shader_viewport_layer_array GL_ARB_shading_language_420pack GL_ARB_shading_language_include GL_ARB_shading_language_packing GL_ARB_spirv_extensions GL_ARB_stencil_texturing GL_ARB_sync GL_ARB_tessellation_shader GL_ARB_texture_barrier GL_ARB_texture_buffer_o
bject GL_ARB_texture_buffer_object_rgb32 GL_ARB_texture_buffer_range GL_ARB_texture_compression_bptc GL_ARB_texture_compression_rgtc GL_ARB_texture_cube_map_array GL_ARB_texture_filter_anisotropic GL_ARB_texture_float GL_ARB_texture_gather GL_ARB_texture_mirror_clamp_to_edge GL_ARB_texture_multisample GL_ARB_texture_non_power_of_two GL_ARB_texture_query_levels GL_ARB_texture_query_lod GL_ARB_texture_rectangle GL_ARB_texture_rg GL_ARB_texture_rgb10_a2ui GL_ARB_texture_stencil8 GL_ARB_texture_storage GL_ARB_texture_storage_multisample GL_ARB_texture_swizzle GL_ARB_texture_view GL_ARB_timer_query GL_ARB_transform_feedback2 GL_ARB_transform_feedback3 GL_ARB_transform_feedback_instanced GL_ARB_transform_feedback_overflow_query GL_ARB_uniform_buffer_object GL_ARB_vertex_array_bgra GL_ARB_vertex_array_object GL_ARB_vertex_attrib_64bit GL_ARB_vertex_attrib_binding GL_ARB_vertex_buffer_object GL_ARB_vertex_shader GL_ARB_vertex_type_10f_11f_11f_rev GL_ARB_vertex_type_2_10_10_10_rev GL_ARB_viewport_array GL_ATI_blend_e
quation_separate GL_ATI_texture_float GL_EXT_EGL_image_storage GL_EXT_EGL_sync GL_EXT_abgr GL_EXT_blend_equation_separate GL_EXT_demote_to_helper_invocation GL_EXT_draw_buffers2 GL_EXT_draw_instanced GL_EXT_framebuffer_blit GL_EXT_framebuffer_multisample GL_EXT_framebuffer_multisample_blit_scaled GL_EXT_framebuffer_object GL_EXT_framebuffer_sRGB GL_EXT_packed_depth_stencil GL_EXT_packed_float GL_EXT_pixel_buffer_object GL_EXT_polygon_offset_clamp GL_EXT_provoking_vertex GL_EXT_shader_framebuffer_fetch GL_EXT_shader_framebuffer_fetch_non_coherent GL_EXT_shader_integer_mix GL_EXT_shader_samples_identical GL_EXT_texture_array GL_EXT_texture_compression_dxt1 GL_EXT_texture_compression_rgtc GL_EXT_texture_compression_s3tc GL_EXT_texture_filter_anisotropic GL_EXT_texture_integer GL_EXT_texture_sRGB GL_EXT_texture_sRGB_R8 GL_EXT_texture_sRGB_decode GL_EXT_texture_shadow_lod GL_EXT_texture_shared_exponent GL_EXT_texture_snorm GL_EXT_texture_swizzle GL_EXT_timer_query GL_EXT_transform_feedback GL_EXT_vertex_array_bgr
a GL_EXT_vertex_attrib_64bit GL_IBM_multimode_draw_arrays GL_INTEL_blackhole_render GL_INTEL_conservative_rasterization GL_INTEL_performance_query GL_INTEL_shader_atomic_float_minmax GL_INTEL_shader_integer_functions2 GL_KHR_blend_equation_advanced GL_KHR_blend_equation_advanced_coherent GL_KHR_context_flush_control GL_KHR_debug GL_KHR_no_error GL_KHR_parallel_shader_compile GL_KHR_robust_buffer_access_behavior GL_KHR_robustness GL_KHR_texture_compression_astc_ldr GL_KHR_texture_compression_astc_sliced_3d GL_MESA_framebuffer_flip_y GL_MESA_pack_invert GL_MESA_shader_integer_functions GL_MESA_texture_signed_rgba GL_NV_compute_shader_derivatives GL_NV_conditional_render GL_NV_depth_clamp GL_NV_fragment_shader_interlock GL_NV_packed_depth_stencil GL_NV_texture_barrier GL_OES_EGL_image GL_S3_s3tc
OPENGL LOG: Creating OpenGL 4.6 graphics device ; Context level  <OpenGL 4.5> ; Context handle -147779584
Initialize mono
Mono path[0] = '/home/fizza/Unity/Hub/Editor/2020.3.18f1/Editor/Data/Managed'
Mono path[1] = '/home/fizza/Unity/Hub/Editor/2020.3.18f1/Editor/Data/MonoBleedingEdge/lib/mono/unityjit'
Mono config path = '/home/fizza/Unity/Hub/Editor/2020.3.18f1/Editor/Data/MonoBleedingEdge/etc'
Using monoOptions --debugger-agent=transport=dt_socket,embedding=1,server=y,suspend=n,address=127.0.0.1:56019
Begin MonoManager ReloadAssembly
Registering precompiled unity dll's ...
Register platform support module: /home/fizza/Unity/Hub/Editor/2020.3.18f1/Editor/Data/PlaybackEngines/LinuxStandaloneSupport/UnityEditor.LinuxStandalone.Extensions.dll
Registered in 0.003349 seconds.
Native extension for LinuxStandalone target not found
Refreshing native plugins compatible for Editor in 210.99 ms, found 0 plugins.
Preloading 0 native plugins for Editor in 0.00 ms.
Mono: successfully reloaded assembly
- Completed reload, in  4.256 seconds
Domain Reload Profiling:
	ReloadAssembly (4256ms)
		BeginReloadAssembly (82ms)
			ExecutionOrderSort (0ms)
			DisableScriptedObjects (0ms)
			BackupInstance (0ms)
			ReleaseScriptingObjects (0ms)
			CreateAndSetChildDomain (2ms)
		EndReloadAssembly (1299ms)
			LoadAssemblies (76ms)
			RebuildTransferFunctionScriptingTraits (0ms)
			SetupTypeCache (457ms)
			ReleaseScriptCaches (0ms)
			RebuildScriptCaches (104ms)
			SetupLoadedEditorAssemblies (585ms)
				LogAssemblyErrors (0ms)
				InitializePlatformSupportModulesInManaged (11ms)
				SetLoadedEditorAssemblies (1ms)
				RefreshPlugins (211ms)
				BeforeProcessingInitializeOnLoad (20ms)
				ProcessInitializeOnLoadAttributes (263ms)
				ProcessInitializeOnLoadMethodAttributes (78ms)
				AfterProcessingInitializeOnLoad (0ms)
				EditorAssembliesLoaded (1ms)
			ExecutionOrderSort2 (0ms)
			AwakeInstancesAfterBackupRestoration (0ms)
Platform modules already initialized, skipping
Registering precompiled user dll's ...
Registered in 0.015327 seconds.
Begin MonoManager ReloadAssembly
Native extension for LinuxStandalone target not found
Refreshing native plugins compatible for Editor in 213.70 ms, found 0 plugins.
Preloading 0 native plugins for Editor in 0.00 ms.
[ScriptCompilation] NOT recompiling all scripts because this is an import worker process. Reason to compile was: Define symbols changed
[ScriptCompilation] NOT recompiling all scripts because this is an import worker process. Reason to compile was: Define symbols changed
Mono: successfully reloaded assembly
- Completed reload, in  3.717 seconds
Domain Reload Profiling:
	ReloadAssembly (3718ms)
		BeginReloadAssembly (350ms)
			ExecutionOrderSort (0ms)
			DisableScriptedObjects (12ms)
			BackupInstance (0ms)
			ReleaseScriptingObjects (0ms)
			CreateAndSetChildDomain (51ms)
		EndReloadAssembly (3192ms)
			LoadAssemblies (189ms)
			RebuildTransferFunctionScriptingTraits (0ms)
			SetupTypeCache (1046ms)
			ReleaseScriptCaches (1ms)
			RebuildScriptCaches (202ms)
			SetupLoadedEditorAssemblies (1387ms)
				LogAssemblyErrors (0ms)
				InitializePlatformSupportModulesInManaged (13ms)
				SetLoadedEditorAssemblies (0ms)
				RefreshPlugins (214ms)
				BeforeProcessingInitializeOnLoad (311ms)
				ProcessInitializeOnLoadAttributes (826ms)
				ProcessInitializeOnLoadMethodAttributes (13ms)
				AfterProcessingInitializeOnLoad (10ms)
				EditorAssembliesLoaded (1ms)
			ExecutionOrderSort2 (0ms)
			AwakeInstancesAfterBackupRestoration (21ms)
Platform modules already initialized, skipping
========================================================================
Worker process is ready to serve import requests
Launched and connected shader compiler UnityShaderCompiler after 0.02 seconds
Refreshing native plugins compatible for Editor in 2.14 ms, found 0 plugins.
Preloading 0 native plugins for Editor in 0.00 ms.
Unloading 3867 Unused Serialized files (Serialized files now loaded: 0)
System memory in use before: 144.6 MB.
System memory in use after: 144.7 MB.

Unloading 36 unused Assets to reduce memory usage. Loaded Objects now: 4426.
Total: 17.308590 ms (FindLiveObjects: 1.359945 ms CreateObjectMapping: 0.848414 ms MarkObjects: 14.284932 ms  DeleteObjects: 0.812601 ms)

AssetImportParameters requested are different than current active one (requested -> active):
  custom:video-decoder-ogg-theora: a1e56fd34408186e4bbccfd4996cb3dc -> 
  custom:container-muxer-webm: aa71ff27fc2769a1b78a27578f13a17b -> 
  custom:container-demuxer-webm: 4f35f7cbe854078d1ac9338744f61a02 -> 
  custom:container-demuxer-ogg: 62fdf1f143b41e24485cea50d1cbac27 -> 
  custom:video-encoder-webm-vp8: eb34c28f22e8b96e1ab97ce403110664 -> 
  custom:video-decoder-webm-vp8: 9c59270c3fd7afecdb556c50c9e8de78 -> 
  custom:audio-decoder-ogg-vorbis: bf7c407c2cedff20999df2af8eb42d56 -> 
  custom:audio-encoder-webm-vorbis: bf7c407c2cedff20999df2af8eb42d56 -> 
========================================================================
Received Import Request.
  path: Assets/Animations/Player Move.controller
  artifactKey: Guid(071da8884fdf72dd6aba0e70e6677a89) Importer(815301076,1909f56bfc062723c751e8b465ee728b)
Start importing Assets/Animations/Player Move.controller using Guid(071da8884fdf72dd6aba0e70e6677a89) Importer(815301076,1909f56bfc062723c751e8b465ee728b)  -> (artifact id: 'b8f961207b2a604a9daf5dfb96ff8077') in 0.123810 seconds 
  Import took 0.143310 seconds .

========================================================================
Received Import Request.
  Time since last request: 0.000471 seconds.
  path: Assets/PlayMaker
  artifactKey: Guid(319607e26f5ded5439c33bfddad43af6) Importer(815301076,1909f56bfc062723c751e8b465ee728b)
Start importing Assets/PlayMaker using Guid(319607e26f5ded5439c33bfddad43af6) Importer(815301076,1909f56bfc062723c751e8b465ee728b)  -> (artifact id: 'dd796b2345c5ae49d2012366d030e3b9') in 0.002448 seconds 
  Import took 0.022880 seconds .

========================================================================
Received Import Request.
  Time since last request: 645.981054 seconds.
  path: Assets/Animations/Idle.anim
  artifactKey: Guid(d3474dcfabde3b0ff94144ce530ac1d0) Importer(815301076,1909f56bfc062723c751e8b465ee728b)
Start importing Assets/Animations/Idle.anim using Guid(d3474dcfabde3b0ff94144ce530ac1d0) Importer(815301076,1909f56bfc062723c751e8b465ee728b)  -> (artifact id: '0d3ab49612b6ef88ba94209cf22c8486') in 0.008000 seconds 
  Import took 0.022189 seconds .

========================================================================
Received Import Request.
  Time since last request: 0.036353 seconds.
  path: Assets/Animations/Idle.anim
  artifactKey: Guid(d3474dcfabde3b0ff94144ce530ac1d0) Importer(815301076,1909f56bfc062723c751e8b465ee728b)
Start importing Assets/Animations/Idle.anim using Guid(d3474dcfabde3b0ff94144ce530ac1d0) Importer(815301076,1909f56bfc062723c751e8b465ee728b)  -> (artifact id: '0d3ab49612b6ef88ba94209cf22c8486') in 0.009141 seconds 
  Import took 0.027160 seconds .

========================================================================
Received Import Request.
  Time since last request: 9.150478 seconds.
  path: Assets/PlayMaker/UpdateHelper.cs
  artifactKey: Guid(3c296afe5d1d4db4793bb16e1e9f607d) Importer(815301076,1909f56bfc062723c751e8b465ee728b)
Start importing Assets/PlayMaker/UpdateHelper.cs using Guid(3c296afe5d1d4db4793bb16e1e9f607d) Importer(815301076,1909f56bfc062723c751e8b465ee728b)  -> (artifact id: '7f545d18af8046efe4bf8f0ef19a4e3d') in 0.001468 seconds 
  Import took 0.016592 seconds .

========================================================================
Received Import Request.
  Time since last request: 0.004049 seconds.
  path: Assets/PlayMaker/UpdateHelper.cs
  artifactKey: Guid(3c296afe5d1d4db4793bb16e1e9f607d) Importer(815301076,1909f56bfc062723c751e8b465ee728b)
Start importing Assets/PlayMaker/UpdateHelper.cs using Guid(3c296afe5d1d4db4793bb16e1e9f607d) Importer(815301076,1909f56bfc062723c751e8b465ee728b)  -> (artifact id: '7f545d18af8046efe4bf8f0ef19a4e3d') in 0.001378 seconds 
  Import took 0.020342 seconds .

========================================================================
Received Import Request.
  Time since last request: 13.423227 seconds.
  path: Assets/PlayMaker/FsmProcessor.cs
  artifactKey: Guid(8e7fd0ae7c5ce8c449b6d01da5cb0e2d) Importer(815301076,1909f56bfc062723c751e8b465ee728b)
Start importing Assets/PlayMaker/FsmProcessor.cs using Guid(8e7fd0ae7c5ce8c449b6d01da5cb0e2d) Importer(815301076,1909f56bfc062723c751e8b465ee728b)  -> (artifact id: '34a16cdec500c3290166407cecb5048a') in 0.001786 seconds 
  Import took 0.018583 seconds .

========================================================================
Received Import Request.
  Time since last request: 13.544832 seconds.
  path: Assets/Gizmos/FsmTemplate Icon.png
  artifactKey: Guid(b79a8c6a7f59ffe4caefb7ee0dbb6c28) Importer(815301076,1909f56bfc062723c751e8b465ee728b)
Start importing Assets/Gizmos/FsmTemplate Icon.png using Guid(b79a8c6a7f59ffe4caefb7ee0dbb6c28) Importer(815301076,1909f56bfc062723c751e8b465ee728b)  -> (artifact id: '64c595f568bfc4838f799bcfbee77cd2') in 0.139286 seconds 
  Import took 0.160779 seconds .

========================================================================
Received Import Request.
  Time since last request: 0.000542 seconds.
  path: Assets/Gizmos/PlayMakerFSM Icon.png
  artifactKey: Guid(4889c347147d7844a93bbdd28089ce27) Importer(815301076,1909f56bfc062723c751e8b465ee728b)
Start importing Assets/Gizmos/PlayMakerFSM Icon.png using Guid(4889c347147d7844a93bbdd28089ce27) Importer(815301076,1909f56bfc062723c751e8b465ee728b)  -> (artifact id: 'e33ddecd1442215fc4a385df801dab33') in 0.020946 seconds 
  Import took 0.041640 seconds .

========================================================================
Received Import Request.
  Time since last request: 0.000285 seconds.
  path: Assets/Gizmos/PlayMakerPrefs Icon.png
  artifactKey: Guid(70b5f8288a5c3a64b9b1bc002bcf0c28) Importer(815301076,1909f56bfc062723c751e8b465ee728b)
Start importing Assets/Gizmos/PlayMakerPrefs Icon.png using Guid(70b5f8288a5c3a64b9b1bc002bcf0c28) Importer(815301076,1909f56bfc062723c751e8b465ee728b)  -> (artifact id: '4cb24156d1a192b7c8c3ff6ea3100b02') in 0.028702 seconds 
  Import took 0.053509 seconds .

========================================================================
Received Import Request.
  Time since last request: 0.000271 seconds.
  path: Assets/Gizmos/PlaymakerIcon.png
  artifactKey: Guid(bffda5937c31b0442bb9cb53bbc2771b) Importer(815301076,1909f56bfc062723c751e8b465ee728b)
Start importing Assets/Gizmos/PlaymakerIcon.png using Guid(bffda5937c31b0442bb9cb53bbc2771b) Importer(815301076,1909f56bfc062723c751e8b465ee728b)  -> (artifact id: '264679629c5916791a13e0b7022f619e') in 0.028029 seconds 
  Import took 0.053382 seconds .

========================================================================
Received Import Request.
  Time since last request: 0.000455 seconds.
  path: Assets/Gizmos/PlayMakerControls Icon.png
  artifactKey: Guid(4ac9185bf8ba41e4d81d2d443a326b2f) Importer(815301076,1909f56bfc062723c751e8b465ee728b)
Start importing Assets/Gizmos/PlayMakerControls Icon.png using Guid(4ac9185bf8ba41e4d81d2d443a326b2f) Importer(815301076,1909f56bfc062723c751e8b465ee728b)  -> (artifact id: '604005e0796a53b69a836c69be05a6c8') in 0.026540 seconds 
  Import took 0.046396 seconds .

========================================================================
Received Import Request.
  Time since last request: 0.000252 seconds.
  path: Assets/Gizmos/PlayMakerGUI Icon.png
  artifactKey: Guid(2c7db6fc3f6ab6b429b6a3924d3820eb) Importer(815301076,1909f56bfc062723c751e8b465ee728b)
Start importing Assets/Gizmos/PlayMakerGUI Icon.png using Guid(2c7db6fc3f6ab6b429b6a3924d3820eb) Importer(815301076,1909f56bfc062723c751e8b465ee728b)  -> (artifact id: '786381ca977fb17bf2b5d96519286626') in 0.013961 seconds 
  Import took 0.038281 seconds .

========================================================================
Received Import Request.
  Time since last request: 0.001194 seconds.
  path: Assets/Gizmos/VariableTypeDefinitionAsset Icon.png
  artifactKey: Guid(30bf117e9e9b31c478115ce54be2ef9d) Importer(815301076,1909f56bfc062723c751e8b465ee728b)
Start importing Assets/Gizmos/VariableTypeDefinitionAsset Icon.png using Guid(30bf117e9e9b31c478115ce54be2ef9d) Importer(815301076,1909f56bfc062723c751e8b465ee728b)  -> (artifact id: 'ba9ca31d118cede7abb3ebfa22fc09c4') in 0.029407 seconds 
  Import took 0.060158 seconds .

========================================================================
Received Import Request.
  Time since last request: 0.000536 seconds.
  path: Assets/Gizmos/PlayMakerGlobals Icon.png
  artifactKey: Guid(60204a42898e09e44afa4f4ca5ed1da1) Importer(815301076,1909f56bfc062723c751e8b465ee728b)
Start importing Assets/Gizmos/PlayMakerGlobals Icon.png using Guid(60204a42898e09e44afa4f4ca5ed1da1) Importer(815301076,1909f56bfc062723c751e8b465ee728b)  -> (artifact id: 'e5060daa97cc93891c97511739c263d4') in 0.022320 seconds 
  Import took 0.062007 seconds .

========================================================================
Received Import Request.
  Time since last request: 0.000922 seconds.
  path: Assets/Gizmos/PlayMakerNotes Icon.png
  artifactKey: Guid(3c6ce8269c92d4a4f99f911813c0b613) Importer(815301076,1909f56bfc062723c751e8b465ee728b)
Start importing Assets/Gizmos/PlayMakerNotes Icon.png using Guid(3c6ce8269c92d4a4f99f911813c0b613) Importer(815301076,1909f56bfc062723c751e8b465ee728b)  -> (artifact id: '2ee039ddcd7695dcad834b1eda1cde72') in 0.034138 seconds 
  Import took 0.086254 seconds .

========================================================================
Received Import Request.
  Time since last request: 0.021369 seconds.
  path: Assets/Gizmos/PlayMakerNotes Icon.png
  artifactKey: Guid(3c6ce8269c92d4a4f99f911813c0b613) Importer(815301076,1909f56bfc062723c751e8b465ee728b)
Start importing Assets/Gizmos/PlayMakerNotes Icon.png using Guid(3c6ce8269c92d4a4f99f911813c0b613) Importer(815301076,1909f56bfc062723c751e8b465ee728b)  -> (artifact id: '2ee039ddcd7695dcad834b1eda1cde72') in 0.039578 seconds 
  Import took 0.109747 seconds .

========================================================================
Received Import Request.
  Time since last request: 8.838853 seconds.
  path: Assets/Plugins
  artifactKey: Guid(002c89f108a697847977b73c3bbe823e) Importer(815301076,1909f56bfc062723c751e8b465ee728b)
Start importing Assets/Plugins using Guid(002c89f108a697847977b73c3bbe823e) Importer(815301076,1909f56bfc062723c751e8b465ee728b)  -> (artifact id: '0aa060bfe093ed7a8b32942107bd09ed') in 0.001718 seconds 
  Import took 0.019981 seconds .

========================================================================
Received Import Request.
  Time since last request: 1.875932 seconds.
  path: Assets/Plugins/PlayMaker
  artifactKey: Guid(c8d1cf7123a68d44f9a3dc9bd83ceafd) Importer(815301076,1909f56bfc062723c751e8b465ee728b)
Start importing Assets/Plugins/PlayMaker using Guid(c8d1cf7123a68d44f9a3dc9bd83ceafd) Importer(815301076,1909f56bfc062723c751e8b465ee728b)  -> (artifact id: '1a07c7de80eded932606e57c4547e3eb') in 0.001693 seconds 
  Import took 0.020943 seconds .

========================================================================
Received Import Request.
  Time since last request: 8.734945 seconds.
  path: Assets/Settings/ForwardRenderer.asset
  artifactKey: Guid(4a8e21d5c33334b11b34a596161b9360) Importer(815301076,1909f56bfc062723c751e8b465ee728b)
Start importing Assets/Settings/ForwardRenderer.asset using Guid(4a8e21d5c33334b11b34a596161b9360) Importer(815301076,1909f56bfc062723c751e8b465ee728b)  -> (artifact id: '63cf95242464b0f1307a08bc2392aaaa') in 0.005822 seconds 
  Import took 0.020443 seconds .

========================================================================
Received Import Request.
  Time since last request: 0.000277 seconds.
  path: Assets/Settings/SampleSceneProfile.asset
  artifactKey: Guid(10fc4df2da32a41aaa32d77bc913491c) Importer(815301076,1909f56bfc062723c751e8b465ee728b)
Start importing Assets/Settings/SampleSceneProfile.asset using Guid(10fc4df2da32a41aaa32d77bc913491c) Importer(815301076,1909f56bfc062723c751e8b465ee728b)  -> (artifact id: 'd2b3f476ab718b1cf20d183dd9addfe7') in 0.037575 seconds 
  Import took 0.057432 seconds .

========================================================================
Received Import Request.
  Time since last request: 0.000412 seconds.
  path: Assets/Settings
  artifactKey: Guid(0735c275001a2c84dafdb30deced5d8d) Importer(815301076,1909f56bfc062723c751e8b465ee728b)
Start importing Assets/Settings using Guid(0735c275001a2c84dafdb30deced5d8d) Importer(815301076,1909f56bfc062723c751e8b465ee728b)  -> (artifact id: 'cadd7ca10b5bf32e886eec457cf073a7') in 0.001690 seconds 
  Import took 0.024616 seconds .

========================================================================
Received Import Request.
  Time since last request: 0.000374 seconds.
  path: Assets/Settings/UniversalRP-LowQuality.asset
  artifactKey: Guid(a31e9f9f9c9d4b9429ed0d1234e22103) Importer(815301076,1909f56bfc062723c751e8b465ee728b)
Start importing Assets/Settings/UniversalRP-LowQuality.asset using Guid(a31e9f9f9c9d4b9429ed0d1234e22103) Importer(815301076,1909f56bfc062723c751e8b465ee728b)  -> (artifact id: 'b226a0bb157262eadf686f6bb5b5f1f8') in 0.005937 seconds 
  Import took 0.026862 seconds .

========================================================================
Received Import Request.
  Time since last request: 0.000295 seconds.
  path: Assets/Settings/UniversalRP-MediumQuality.asset
  artifactKey: Guid(d847b876476d3d6468f5dfcd34266f96) Importer(815301076,1909f56bfc062723c751e8b465ee728b)
Start importing Assets/Settings/UniversalRP-MediumQuality.asset using Guid(d847b876476d3d6468f5dfcd34266f96) Importer(815301076,1909f56bfc062723c751e8b465ee728b)  -> (artifact id: 'd421f548a6507a11f25ec3578746e9c1') in 0.006245 seconds 
  Import took 0.030770 seconds .

========================================================================
Received Import Request.
  Time since last request: 0.000254 seconds.
  path: Assets/Settings/UniversalRP-HighQuality.asset
  artifactKey: Guid(19ba41d7c0026c3459d37c2fe90c55a0) Importer(815301076,1909f56bfc062723c751e8b465ee728b)
Start importing Assets/Settings/UniversalRP-HighQuality.asset using Guid(19ba41d7c0026c3459d37c2fe90c55a0) Importer(815301076,1909f56bfc062723c751e8b465ee728b)  -> (artifact id: '02e18c1f933b70f494440bf5e7626866') in 0.007410 seconds 
  Import took 0.031847 seconds .

========================================================================
Received Import Request.
  Time since last request: 7.868153 seconds.
  path: Assets/PlayMaker/ConditionalExpression.dll
  artifactKey: Guid(d4efecccbe1d6134f99fa8da66d82942) Importer(815301076,1909f56bfc062723c751e8b465ee728b)
Start importing Assets/PlayMaker/ConditionalExpression.dll using Guid(d4efecccbe1d6134f99fa8da66d82942) Importer(815301076,1909f56bfc062723c751e8b465ee728b)  -> (artifact id: '9654fe8baf90bda87ed895a8625e80c8') in 0.001759 seconds 
  Import took 0.016468 seconds .

========================================================================
Received Import Request.
  Time since last request: 0.246274 seconds.
  path: Assets/PlayMaker/ConditionalExpression.dll
  artifactKey: Guid(d4efecccbe1d6134f99fa8da66d82942) Importer(815301076,1909f56bfc062723c751e8b465ee728b)
Start importing Assets/PlayMaker/ConditionalExpression.dll using Guid(d4efecccbe1d6134f99fa8da66d82942) Importer(815301076,1909f56bfc062723c751e8b465ee728b)  -> (artifact id: '9654fe8baf90bda87ed895a8625e80c8') in 0.001534 seconds 
  Import took 0.016686 seconds .

